2025-01-14 10:14:19,275 [INFO] Activator:176 - 


2025-01-14 10:14:19,281 [INFO] Activator:177 - !SESSION log4j initialized
2025-01-14 10:14:22,775 [INFO] LogOutputStream:77 - [STDOUT_REDIRECT] 
2025-01-14 10:14:24,528 [INFO] ApplicationProperties:184 - Using Application install path: C:\ST\STM32CubeIDE_1.17.0\STM32CubeIDE\plugins\com.st.stm32cube.common.mx_6.13.0.202411220809
2025-01-14 10:14:24,550 [INFO] DbMcusXml:78 - Set database path to: C:\ST\STM32CubeIDE_1.17.0\STM32CubeIDE\plugins\com.st.stm32cube.common.mx_6.13.0.202411220809\\db\/mcu/
2025-01-14 10:14:24,550 [INFO] ApiDb:274 - Set plugin database path to: C:\ST\STM32CubeIDE_1.17.0\STM32CubeIDE\plugins\com.st.stm32cube.common.mx_6.13.0.202411220809\\db\/plugins/boardmanager/
2025-01-14 10:14:24,550 [WARN] ApiDb:259 - Overriding images path with different value:  => C:\ST\STM32CubeIDE_1.17.0\STM32CubeIDE\plugins\com.st.stm32cube.common.mx_6.13.0.202411220809\\db\/plugins/mcufinder/images/
2025-01-14 10:14:24,567 [INFO] ApiDb:250 - Set database path to: C:\Users\r417t\.stmcufinder\plugins\mcufinder//mcu/
2025-01-14 10:14:24,569 [INFO] DbMcusAds:125 - Set database path to: C:\Users\r417t\.stmcufinder\plugins\mcufinder//mcu/
2025-01-14 10:14:24,572 [INFO] CrossReferenceDbSqlite:203 - Set database path to: C:\Users\r417t\.stmcufinder\plugins\mcufinder//mcu/cs/
2025-01-14 10:14:24,685 [INFO] RulesReader:64 - Compatibility file has been processed (297 Rules)
2025-01-14 10:14:24,755 [INFO] DbMcusXml:78 - Set database path to: C:\ST\STM32CubeIDE_1.17.0\STM32CubeIDE\plugins\com.st.stm32cube.common.mx_6.13.0.202411220809\\db\/mcu/
2025-01-14 10:14:24,755 [INFO] ApiDb:274 - Set plugin database path to: C:\ST\STM32CubeIDE_1.17.0\STM32CubeIDE\plugins\com.st.stm32cube.common.mx_6.13.0.202411220809\\db\/plugins/boardmanager/
2025-01-14 10:14:24,755 [INFO] ApiDb:261 - Set plugin images path to: C:\ST\STM32CubeIDE_1.17.0\STM32CubeIDE\plugins\com.st.stm32cube.common.mx_6.13.0.202411220809\\db\/plugins/mcufinder/images/
2025-01-14 10:14:24,755 [WARN] DbFile:41 - Overriding database path with different value: C:\Users\r417t\.stmcufinder\plugins\mcufinder/ => C:\Users\r417t\.stmcufinder\plugins\mcufinder
2025-01-14 10:14:24,756 [INFO] ApiDb:250 - Set database path to: C:\Users\r417t\.stmcufinder\plugins\mcufinder//mcu/
2025-01-14 10:14:24,756 [WARN] DbFile:41 - Overriding database path with different value: C:\Users\r417t\.stmcufinder\plugins\mcufinder/ => C:\Users\r417t\.stmcufinder\plugins\mcufinder
2025-01-14 10:14:24,756 [INFO] DbMcusAds:125 - Set database path to: C:\Users\r417t\.stmcufinder\plugins\mcufinder//mcu/
2025-01-14 10:14:24,756 [WARN] DbFile:41 - Overriding database path with different value: C:\Users\r417t\.stmcufinder\plugins\mcufinder/ => C:\Users\r417t\.stmcufinder\plugins\mcufinder
2025-01-14 10:14:24,756 [WARN] DbFile:41 - Overriding database path with different value: C:\Users\r417t\.stmcufinder\plugins\mcufinder/ => C:\Users\r417t\.stmcufinder\plugins\mcufinder
2025-01-14 10:14:24,756 [INFO] CrossReferenceDbSqlite:203 - Set database path to: C:\Users\r417t\.stmcufinder\plugins\mcufinder//mcu/cs/
2025-01-14 10:14:24,823 [INFO] MainPanel:272 - HeapMemory: 268435456
2025-01-14 10:14:24,904 [INFO] DbMcusXml:78 - Set database path to: C:\ST\STM32CubeIDE_1.17.0\STM32CubeIDE\plugins\com.st.stm32cube.common.mx_6.13.0.202411220809\\db\/mcu/
2025-01-14 10:14:24,904 [INFO] ApiDb:274 - Set plugin database path to: C:\ST\STM32CubeIDE_1.17.0\STM32CubeIDE\plugins\com.st.stm32cube.common.mx_6.13.0.202411220809\\db\/plugins/boardmanager/
2025-01-14 10:14:24,904 [INFO] ApiDb:261 - Set plugin images path to: C:\ST\STM32CubeIDE_1.17.0\STM32CubeIDE\plugins\com.st.stm32cube.common.mx_6.13.0.202411220809\\db\/plugins/mcufinder/images/
2025-01-14 10:14:24,904 [WARN] DbFile:41 - Overriding database path with different value: C:\Users\r417t\.stmcufinder\plugins\mcufinder/ => C:\Users\r417t\.stmcufinder\plugins\mcufinder
2025-01-14 10:14:24,904 [INFO] ApiDb:250 - Set database path to: C:\Users\r417t\.stmcufinder\plugins\mcufinder//mcu/
2025-01-14 10:14:24,904 [WARN] DbFile:41 - Overriding database path with different value: C:\Users\r417t\.stmcufinder\plugins\mcufinder/ => C:\Users\r417t\.stmcufinder\plugins\mcufinder
2025-01-14 10:14:24,904 [INFO] DbMcusAds:125 - Set database path to: C:\Users\r417t\.stmcufinder\plugins\mcufinder//mcu/
2025-01-14 10:14:24,904 [WARN] DbFile:41 - Overriding database path with different value: C:\Users\r417t\.stmcufinder\plugins\mcufinder/ => C:\Users\r417t\.stmcufinder\plugins\mcufinder
2025-01-14 10:14:24,904 [WARN] DbFile:41 - Overriding database path with different value: C:\Users\r417t\.stmcufinder\plugins\mcufinder/ => C:\Users\r417t\.stmcufinder\plugins\mcufinder
2025-01-14 10:14:24,905 [INFO] CrossReferenceDbSqlite:203 - Set database path to: C:\Users\r417t\.stmcufinder\plugins\mcufinder//mcu/cs/
2025-01-14 10:14:24,919 [INFO] ApplicationProperties:184 - Using Application install path: C:\ST\STM32CubeIDE_1.17.0\STM32CubeIDE\plugins\com.st.stm32cube.common.mx_6.13.0.202411220809
2025-01-14 10:14:24,920 [INFO] PluginManage:196 - Search for loadable plugins [exclusion list=, ]
2025-01-14 10:14:24,921 [INFO] PluginManage:310 - Check plugin analytics
2025-01-14 10:14:25,119 [INFO] AnalyticsPlugin:253 - Accepted Software Licenses: STM32CubeMX.6.13.0
2025-01-14 10:14:25,119 [INFO] AnalyticsPlugin:255 - Accepted CMSIS Pack Licenses: 
2025-01-14 10:14:25,119 [INFO] AnalyticsPlugin:257 - Accepted Firmware Licenses: FW.F4.1.28.0
2025-01-14 10:14:25,122 [INFO] PluginManage:359 - Loaded plugin analytics (category:tool,tabindex:-1)
2025-01-14 10:14:25,123 [INFO] PluginManage:310 - Check plugin cadmodel
2025-01-14 10:14:25,139 [INFO] CADModel:105 - Init CAD model plugin
2025-01-14 10:14:25,139 [INFO] PluginManage:359 - Loaded plugin cadmodel (category:power,tabindex:5)
2025-01-14 10:14:25,140 [INFO] PluginManage:310 - Check plugin clock
2025-01-14 10:14:25,174 [INFO] PluginManage:359 - Loaded plugin clock (category:base,tabindex:2)
2025-01-14 10:14:25,174 [INFO] PluginManage:310 - Check plugin ddr
2025-01-14 10:14:25,178 [INFO] PluginManage:359 - Loaded plugin ddr (category:tool,tabindex:6)
2025-01-14 10:14:25,179 [INFO] PluginManage:310 - Check plugin filemanager
2025-01-14 10:14:25,314 [INFO] PluginManage:359 - Loaded plugin filemanager (category:base,tabindex:10)
2025-01-14 10:14:25,314 [INFO] PluginManage:310 - Check plugin ipmanager
2025-01-14 10:14:25,320 [INFO] PluginManage:359 - Loaded plugin ipmanager (category:base,tabindex:5)
2025-01-14 10:14:25,320 [INFO] PluginManage:310 - Check plugin lpbam
2025-01-14 10:14:25,334 [INFO] PluginManage:359 - Loaded plugin lpbam (category:base,tabindex:0)
2025-01-14 10:14:25,334 [INFO] PluginManage:310 - Check plugin memorymap
2025-01-14 10:14:25,352 [INFO] PluginManage:359 - Loaded plugin memorymap (category:base,tabindex:4)
2025-01-14 10:14:25,352 [INFO] PluginManage:310 - Check plugin pinoutandconfiguration
2025-01-14 10:14:25,366 [INFO] PluginManage:359 - Loaded plugin pinoutandconfiguration (category:base,tabindex:1)
2025-01-14 10:14:25,366 [INFO] PluginManage:310 - Check plugin pinoutconfig
2025-01-14 10:14:25,469 [WARN] SupportedApi:132 - Cannot load RTOS API schema: s4s-elt-must-match.1: The content of 'definitions' must match (annotation?, (simpleType | complexType)?, (unique | key | keyref)*)). A problem was found starting at: attribute.
2025-01-14 10:14:25,578 [INFO] PluginManage:359 - Loaded plugin pinoutconfig (category:base,tabindex:0)
2025-01-14 10:14:25,578 [INFO] PluginManage:310 - Check plugin power
2025-01-14 10:14:25,595 [INFO] PluginManage:359 - Loaded plugin power (category:power,tabindex:4)
2025-01-14 10:14:25,596 [INFO] PluginManage:310 - Check plugin projectmanager
2025-01-14 10:14:25,607 [INFO] PluginManage:359 - Loaded plugin projectmanager (category:projectmanager,tabindex:4)
2025-01-14 10:14:25,608 [INFO] PluginManage:310 - Check plugin rif
2025-01-14 10:14:25,623 [INFO] PluginManage:359 - Loaded plugin rif (category:base,tabindex:3)
2025-01-14 10:14:25,623 [INFO] PluginManage:310 - Check plugin thirdparty
2025-01-14 10:14:25,851 [INFO] PluginManage:359 - Loaded plugin thirdparty (category:base,tabindex:-1)
2025-01-14 10:14:25,851 [INFO] PluginManage:310 - Check plugin tools
2025-01-14 10:14:25,851 [WARN] IntegrityCheckThread:84 - waiting for thirdparty lock release [integrity check]
2025-01-14 10:14:25,851 [INFO] IntegrityCheckThread:86 - entering critical section [integrity check]
2025-01-14 10:14:25,852 [INFO] ThirdPartyUpdaterWithRetryManager:70 - Updater plugin not ready yet. [1/15]
2025-01-14 10:14:25,883 [INFO] PluginManage:359 - Loaded plugin tools (category:base,tabindex:7)
2025-01-14 10:14:25,884 [INFO] PluginManage:310 - Check plugin tutovideos
2025-01-14 10:14:26,016 [INFO] PluginManage:359 - Loaded plugin tutovideos (category:base,tabindex:-1)
2025-01-14 10:14:26,016 [INFO] PluginManage:310 - Check plugin updater
2025-01-14 10:14:26,033 [INFO] PluginManage:359 - Loaded plugin updater (category:base,tabindex:12)
2025-01-14 10:14:26,033 [INFO] PluginManage:310 - Check plugin userauth
2025-01-14 10:14:26,036 [INFO] UserAuth:118 - Init User Auth plugin
2025-01-14 10:14:26,036 [INFO] PluginManage:359 - Loaded plugin userauth (category:base,tabindex:14)
2025-01-14 10:14:26,037 [INFO] PluginManage:283 - PluginManage : Loaded plugins [18]
2025-01-14 10:14:26,182 [INFO] PinOutPanel:1589 - setPackage(No Configuration,No Configuration)
2025-01-14 10:14:26,242 [INFO] CADModel:165 - CPN selected for project level
2025-01-14 10:14:26,242 [INFO] CADModel:114 - Register for checkConnection events
2025-01-14 10:14:26,265 [INFO] IPUIPlugin:80 - create IPUIPlugin
2025-01-14 10:14:26,265 [INFO] PluginManager:220 - loadIPPluginJar : add adc
2025-01-14 10:14:26,300 [INFO] IPUIPlugin:80 - create IPUIPlugin
2025-01-14 10:14:26,300 [INFO] PluginManager:220 - loadIPPluginJar : add aes
2025-01-14 10:14:26,336 [INFO] IPUIPlugin:80 - create IPUIPlugin
2025-01-14 10:14:26,336 [INFO] PluginManager:220 - loadIPPluginJar : add can
2025-01-14 10:14:26,358 [INFO] IPUIPlugin:80 - create IPUIPlugin
2025-01-14 10:14:26,358 [INFO] PluginManager:220 - loadIPPluginJar : add comp
2025-01-14 10:14:26,389 [INFO] IPUIPlugin:80 - create IPUIPlugin
2025-01-14 10:14:26,389 [INFO] PluginManager:220 - loadIPPluginJar : add cryp
2025-01-14 10:14:26,399 [INFO] IPUIPlugin:80 - create IPUIPlugin
2025-01-14 10:14:26,399 [INFO] PluginManager:220 - loadIPPluginJar : add ddr_ctrl_phy
2025-01-14 10:14:26,423 [INFO] IPUIPlugin:80 - create IPUIPlugin
2025-01-14 10:14:26,423 [INFO] PluginManager:220 - loadIPPluginJar : add dfsdm
2025-01-14 10:14:26,434 [INFO] IPUIPlugin:80 - create IPUIPlugin
2025-01-14 10:14:26,435 [INFO] PluginManager:220 - loadIPPluginJar : add dma
2025-01-14 10:14:26,470 [INFO] IPUIPlugin:80 - create IPUIPlugin
2025-01-14 10:14:26,470 [INFO] PluginManager:220 - loadIPPluginJar : add dma3
2025-01-14 10:14:26,506 [INFO] IPUIPlugin:80 - create IPUIPlugin
2025-01-14 10:14:26,506 [INFO] PluginManager:220 - loadIPPluginJar : add extmemmanager
2025-01-14 10:14:26,525 [INFO] IPUIPlugin:80 - create IPUIPlugin
2025-01-14 10:14:26,525 [INFO] PluginManager:220 - loadIPPluginJar : add fatfs
2025-01-14 10:14:26,566 [INFO] IPUIPlugin:80 - create IPUIPlugin
2025-01-14 10:14:26,566 [INFO] PluginManager:220 - loadIPPluginJar : add fmc
2025-01-14 10:14:26,582 [INFO] IPUIPlugin:80 - create IPUIPlugin
2025-01-14 10:14:26,582 [INFO] PluginManager:220 - loadIPPluginJar : add freertos
2025-01-14 10:14:26,602 [INFO] IPUIPlugin:80 - create IPUIPlugin
2025-01-14 10:14:26,602 [INFO] PluginManager:220 - loadIPPluginJar : add genericplugin
2025-01-14 10:14:26,683 [INFO] IPUIPlugin:80 - create IPUIPlugin
2025-01-14 10:14:26,683 [INFO] PluginManager:220 - loadIPPluginJar : add gfxmmu
2025-01-14 10:14:26,786 [INFO] IPUIPlugin:80 - create IPUIPlugin
2025-01-14 10:14:26,787 [INFO] PluginManager:220 - loadIPPluginJar : add gic
2025-01-14 10:14:26,799 [INFO] IPUIPlugin:80 - create IPUIPlugin
2025-01-14 10:14:26,799 [INFO] PluginManager:220 - loadIPPluginJar : add gpio
2025-01-14 10:14:26,863 [INFO] IPUIPlugin:80 - create IPUIPlugin
2025-01-14 10:14:26,863 [INFO] PluginManager:220 - loadIPPluginJar : add gtzc
2025-01-14 10:14:26,888 [INFO] IPUIPlugin:80 - create IPUIPlugin
2025-01-14 10:14:26,888 [INFO] PluginManager:220 - loadIPPluginJar : add hash
2025-01-14 10:14:26,926 [INFO] IPUIPlugin:80 - create IPUIPlugin
2025-01-14 10:14:26,927 [INFO] PluginManager:220 - loadIPPluginJar : add i2c
2025-01-14 10:14:26,957 [INFO] IPUIPlugin:80 - create IPUIPlugin
2025-01-14 10:14:26,957 [INFO] PluginManager:220 - loadIPPluginJar : add i2s
2025-01-14 10:14:26,990 [INFO] IPUIPlugin:80 - create IPUIPlugin
2025-01-14 10:14:26,991 [INFO] PluginManager:220 - loadIPPluginJar : add i3c
2025-01-14 10:14:27,063 [INFO] IPUIPlugin:80 - create IPUIPlugin
2025-01-14 10:14:27,063 [INFO] PluginManager:220 - loadIPPluginJar : add ipddr
2025-01-14 10:14:27,134 [INFO] IPUIPlugin:80 - create IPUIPlugin
2025-01-14 10:14:27,135 [INFO] PluginManager:220 - loadIPPluginJar : add linkedlist
2025-01-14 10:14:27,165 [INFO] IPUIPlugin:80 - create IPUIPlugin
2025-01-14 10:14:27,166 [INFO] PluginManager:220 - loadIPPluginJar : add lorawan
2025-01-14 10:14:27,197 [INFO] IPUIPlugin:80 - create IPUIPlugin
2025-01-14 10:14:27,197 [INFO] PluginManager:220 - loadIPPluginJar : add ltdc
2025-01-14 10:14:27,210 [INFO] IPUIPlugin:80 - create IPUIPlugin
2025-01-14 10:14:27,210 [INFO] PluginManager:220 - loadIPPluginJar : add mdma
2025-01-14 10:14:27,220 [INFO] IPUIPlugin:80 - create IPUIPlugin
2025-01-14 10:14:27,220 [INFO] PluginManager:220 - loadIPPluginJar : add nvic
2025-01-14 10:14:27,250 [INFO] IPUIPlugin:80 - create IPUIPlugin
2025-01-14 10:14:27,250 [INFO] PluginManager:220 - loadIPPluginJar : add opamp
2025-01-14 10:14:27,308 [INFO] IPUIPlugin:80 - create IPUIPlugin
2025-01-14 10:14:27,308 [INFO] PluginManager:220 - loadIPPluginJar : add openamp
2025-01-14 10:14:27,342 [INFO] IPUIPlugin:80 - create IPUIPlugin
2025-01-14 10:14:27,342 [INFO] PluginManager:220 - loadIPPluginJar : add pdm2pcm
2025-01-14 10:14:27,353 [INFO] IPUIPlugin:80 - create IPUIPlugin
2025-01-14 10:14:27,355 [INFO] PluginManager:220 - loadIPPluginJar : add plateformsettings
2025-01-14 10:14:27,373 [INFO] IPUIPlugin:80 - create IPUIPlugin
2025-01-14 10:14:27,373 [INFO] PluginManager:220 - loadIPPluginJar : add quadspi
2025-01-14 10:14:27,394 [INFO] IPUIPlugin:80 - create IPUIPlugin
2025-01-14 10:14:27,396 [INFO] PluginManager:220 - loadIPPluginJar : add radio
2025-01-14 10:14:27,406 [INFO] IPUIPlugin:80 - create IPUIPlugin
2025-01-14 10:14:27,406 [INFO] PluginManager:220 - loadIPPluginJar : add resmgrutility
2025-01-14 10:14:27,440 [INFO] IPUIPlugin:80 - create IPUIPlugin
2025-01-14 10:14:27,441 [INFO] PluginManager:220 - loadIPPluginJar : add sai
2025-01-14 10:14:27,469 [INFO] IPUIPlugin:80 - create IPUIPlugin
2025-01-14 10:14:27,469 [INFO] PluginManager:220 - loadIPPluginJar : add spi
2025-01-14 10:14:27,518 [INFO] IPUIPlugin:80 - create IPUIPlugin
2025-01-14 10:14:27,518 [INFO] PluginManager:220 - loadIPPluginJar : add stm32_wpan
2025-01-14 10:14:27,538 [INFO] IPUIPlugin:80 - create IPUIPlugin
2025-01-14 10:14:27,538 [INFO] PluginManager:220 - loadIPPluginJar : add tim
2025-01-14 10:14:27,580 [INFO] IPUIPlugin:80 - create IPUIPlugin
2025-01-14 10:14:27,581 [INFO] PluginManager:220 - loadIPPluginJar : add touchsensing
2025-01-14 10:14:27,601 [INFO] IPUIPlugin:80 - create IPUIPlugin
2025-01-14 10:14:27,601 [INFO] PluginManager:220 - loadIPPluginJar : add tracer_emb
2025-01-14 10:14:27,621 [INFO] IPUIPlugin:80 - create IPUIPlugin
2025-01-14 10:14:27,621 [INFO] PluginManager:220 - loadIPPluginJar : add ts
2025-01-14 10:14:27,640 [INFO] IPUIPlugin:80 - create IPUIPlugin
2025-01-14 10:14:27,640 [INFO] PluginManager:220 - loadIPPluginJar : add tsc
2025-01-14 10:14:27,657 [INFO] IPUIPlugin:80 - create IPUIPlugin
2025-01-14 10:14:27,657 [INFO] PluginManager:220 - loadIPPluginJar : add ucpd
2025-01-14 10:14:27,688 [INFO] IPUIPlugin:80 - create IPUIPlugin
2025-01-14 10:14:27,688 [INFO] PluginManager:220 - loadIPPluginJar : add usart
2025-01-14 10:14:27,719 [INFO] IPUIPlugin:80 - create IPUIPlugin
2025-01-14 10:14:27,719 [INFO] PluginManager:220 - loadIPPluginJar : add usbx
2025-01-14 10:14:27,827 [FATAL] Updater:351 - Updater called before beeing initialized
2025-01-14 10:14:27,889 [INFO] RulesReader:64 - Compatibility file has been processed (297 Rules)
2025-01-14 10:14:27,896 [INFO] RulesReader:64 - Compatibility file has been processed (297 Rules)
2025-01-14 10:14:27,908 [INFO] CADModel:165 - CPN selected for project level
2025-01-14 10:14:27,908 [INFO] CADModel:114 - Register for checkConnection events
2025-01-14 10:14:27,908 [FATAL] Updater:351 - Updater called before beeing initialized
2025-01-14 10:14:27,908 [ERROR] CADModel:125 - Updater not yet initialized, retry later 
2025-01-14 10:14:28,005 [FATAL] Updater:351 - Updater called before beeing initialized
2025-01-14 10:14:28,006 [INFO] CADModel:165 - CPN selected for project level
2025-01-14 10:14:28,007 [INFO] CADModel:114 - Register for checkConnection events
2025-01-14 10:14:28,007 [FATAL] Updater:351 - Updater called before beeing initialized
2025-01-14 10:14:28,007 [ERROR] CADModel:125 - Updater not yet initialized, retry later 
2025-01-14 10:14:28,009 [FATAL] Updater:351 - Updater called before beeing initialized
2025-01-14 10:14:28,098 [FATAL] Updater:351 - Updater called before beeing initialized
2025-01-14 10:14:28,106 [INFO] DbMcusAds:53 - JSON generation date=Wed Dec 18 00:01:15 CST 2024 (1734451275222)
2025-01-14 10:14:28,107 [FATAL] Updater:351 - Updater called before beeing initialized
2025-01-14 10:14:28,133 [WARN] DetailPanel:346 - Failed to get advertising image, set to default
2025-01-14 10:14:28,262 [FATAL] Updater:351 - Updater called before beeing initialized
2025-01-14 10:14:28,264 [FATAL] Updater:351 - Updater called before beeing initialized
2025-01-14 10:14:28,264 [FATAL] Updater:351 - Updater called before beeing initialized
2025-01-14 10:14:28,264 [WARN] DetailPanel:346 - Failed to get advertising image, set to default
2025-01-14 10:14:28,265 [FATAL] Updater:351 - Updater called before beeing initialized
2025-01-14 10:14:28,309 [ERROR] Updater:1198 - MainUpdater not yet initialized. External WinMGr cannot be set.
2025-01-14 10:14:28,318 [INFO] Updater:1134 - Updater Version found : 6.13.0
2025-01-14 10:14:28,331 [INFO] ApplicationProperties:184 - Using Application install path: C:\ST\STM32CubeIDE_1.17.0\STM32CubeIDE\plugins\com.st.stm32cube.common.mx_6.13.0.202411220809
2025-01-14 10:14:28,852 [INFO] ThirdPartyUpdaterWithRetryManager:70 - Updater plugin not ready yet. [2/15]
2025-01-14 10:14:29,903 [ERROR] LogOutputStream:75 - [STDERR_REDIRECT] Jan 14, 2025 10:14:29 AM java.util.prefs.WindowsPreferences <init>
2025-01-14 10:14:29,904 [ERROR] LogOutputStream:75 - [STDERR_REDIRECT] WARNING: Could not open/create prefs root node Software\JavaSoft\Prefs at root 0xffffffff80000002. Windows RegCreateKeyEx(...) returned error code 5.
2025-01-14 10:14:29,904 [ERROR] LogOutputStream:75 - [STDERR_REDIRECT] 
2025-01-14 10:14:30,316 [INFO] MainUpdater:2872 - connection check result : 10
2025-01-14 10:14:30,316 [INFO] MainUpdater:3566 - Updater definition file requires update
2025-01-14 10:14:30,317 [INFO] MainUpdater:289 - Updater Check For Update Now.
2025-01-14 10:14:30,317 [INFO] MicroXplorer:498 - Change Database Version : DB.6.0.130
2025-01-14 10:14:30,341 [INFO] McuFinderGlobals:63 - Set McuFinder mode to 2 (CubeIDE integrated)
2025-01-14 10:14:30,347 [INFO] UserAuth:486 - Internet connection configuration mode: 1
2025-01-14 10:14:30,367 [INFO] JxBrowserEngine:152 - Initiate JxBrowser Engine with user profile folder
2025-01-14 10:14:30,376 [INFO] ServerAccessManage:473 - Download File updaters.zip
2025-01-14 10:14:30,534 [INFO] FileExtend:240 - Unzip File : updaters.zip
2025-01-14 10:14:30,534 [INFO] FileExtend:255 - Standard Zip Deflate
2025-01-14 10:14:31,097 [INFO] ServerAccessManage:473 - Download File PacksControlFlags.xml
2025-01-14 10:14:31,395 [INFO] ServerAccessManage:473 - Download File cubemx.pidx
2025-01-14 10:14:31,855 [WARN] MainUpdater:1193 - Updater busy. Cannot search thirdparties
2025-01-14 10:14:31,855 [INFO] ThirdPartyUpdaterWithRetryManager:96 - Updater plugin is busy. [1/15]
2025-01-14 10:14:31,890 [INFO] WebApp:168 - Instantiating new browser for Auth
2025-01-14 10:14:32,280 [INFO] ServerAccessManage:473 - Download File STMicroelectronics.X-CUBE-IPS.pdsc
2025-01-14 10:14:32,803 [INFO] WebApp:449 - Apply proxy settings
2025-01-14 10:14:32,804 [INFO] WebApp:534 - Chromium requires no authentication
2025-01-14 10:14:32,833 [INFO] WebApp:477 - Direct internet connection detected
2025-01-14 10:14:32,888 [INFO] WebApp:880 - Register for checkConnection events
2025-01-14 10:14:32,888 [INFO] WebApp:449 - Apply proxy settings
2025-01-14 10:14:32,889 [INFO] WebApp:534 - Chromium requires no authentication
2025-01-14 10:14:32,889 [INFO] WebApp:477 - Direct internet connection detected
2025-01-14 10:14:33,077 [INFO] ServerAccessManage:473 - Download File STMicroelectronics.X-CUBE-TOUCHGFX.pdsc
2025-01-14 10:14:33,122 [INFO] WebApp:221 - Starting web application
2025-01-14 10:14:33,122 [INFO] WebApp:579 - Web application path used C:\ST\STM32CubeIDE_1.17.0\STM32CubeIDE\plugins\com.st.stm32cube.common.mx_6.13.0.202411220809\db\plugins\mcufinder\reactClient1\index.html
2025-01-14 10:14:33,233 [INFO] UserAuth:486 - Internet connection configuration mode: 1
2025-01-14 10:14:33,471 [INFO] WebApp:187 - Connection restablished
2025-01-14 10:14:34,856 [WARN] MainUpdater:1193 - Updater busy. Cannot search thirdparties
2025-01-14 10:14:34,856 [INFO] ThirdPartyUpdaterWithRetryManager:96 - Updater plugin is busy. [2/15]
2025-01-14 10:14:37,324 [WARN] PackLoader:240 - Cannot read IP mode file for STMicroelectronics.X-CUBE-IPS.3.1.0
2025-01-14 10:14:37,344 [WARN] PackLoader:240 - Cannot read IP mode file for STMicroelectronics.X-CUBE-TOUCHGFX.4.24.2
2025-01-14 10:14:37,344 [INFO] PopulateThirdPartyThread:66 - Ending populate Thread
2025-01-14 10:14:37,346 [INFO] ThirdParty:1030 - CMSIS Pack Vendor :STMicroelectronics X-CUBE-IPS 3.1.0
2025-01-14 10:14:37,346 [INFO] ThirdParty:1030 - CMSIS Pack Vendor :STMicroelectronics X-CUBE-TOUCHGFX 4.24.2
2025-01-14 10:14:37,346 [INFO] LoadServerUpdatesThread:375 - End of LoadServerUpdate Thread
2025-01-14 10:14:37,426 [INFO] CheckServerUpdateThread:120 - End of CheckServer Thread
2025-01-14 10:14:37,969 [WARN] PackLoader:240 - Cannot read IP mode file for STMicroelectronics.FP-SNS-MOTENVWB1.1.4.0
2025-01-14 10:14:37,975 [WARN] PackLoader:240 - Cannot read IP mode file for STMicroelectronics.FP-ATR-ASTRA1.2.0.1
2025-01-14 10:14:37,990 [WARN] PackLoader:240 - Cannot read IP mode file for STMicroelectronics.X-CUBE-SMBUS.2.1.0
2025-01-14 10:14:38,001 [WARN] PackLoader:240 - Cannot read IP mode file for STMicroelectronics.X-CUBE-WB05N.1.1.0
2025-01-14 10:14:38,024 [WARN] PackLoader:240 - Cannot read IP mode file for STMicroelectronics.X-CUBE-AZRTOS-F7.1.1.0
2025-01-14 10:14:38,032 [WARN] PackLoader:240 - Cannot read IP mode file for STMicroelectronics.FP-SNS-FLIGHT1.5.0.2
2025-01-14 10:14:38,063 [WARN] PackLoader:240 - Cannot read IP mode file for Infineon.AIROC-Wi-Fi-Bluetooth-STM32.1.7.0
2025-01-14 10:14:38,088 [WARN] PackLoader:240 - Cannot read IP mode file for STMicroelectronics.X-CUBE-DISPLAY.3.0.0
2025-01-14 10:14:38,109 [WARN] PackLoader:240 - Cannot read IP mode file for STMicroelectronics.X-CUBE-BLE1.7.0.0
2025-01-14 10:14:38,124 [WARN] PackLoader:240 - Cannot read IP mode file for STMicroelectronics.X-CUBE-NFC10.1.0.0
2025-01-14 10:14:38,146 [WARN] PackLoader:240 - Cannot read IP mode file for STMicroelectronics.X-CUBE-BLEMGR.4.0.0
2025-01-14 10:14:38,162 [WARN] PackLoader:240 - Cannot read IP mode file for emotas.I-CUBE-CANOPEN.1.3.0
2025-01-14 10:14:38,173 [WARN] PackLoader:240 - Cannot read IP mode file for STMicroelectronics.FP-SNS-SMARTAG2.1.2.0
2025-01-14 10:14:38,223 [WARN] PackLoader:240 - Cannot read IP mode file for STMicroelectronics.X-CUBE-MEMS1.11.1.0
2025-01-14 10:14:38,305 [INFO] LogOutputStream:77 - [STDOUT_REDIRECT] 1 : Invalid condition id : UX_CORESTACK_Condition cause : null
2025-01-14 10:14:38,306 [INFO] LogOutputStream:77 - [STDOUT_REDIRECT] 1 : Invalid condition id : UX_CORESTACK_Condition cause : null
2025-01-14 10:14:38,306 [INFO] LogOutputStream:77 - [STDOUT_REDIRECT] 1 : Invalid condition id : UX_CORESTACK_Condition cause : null
2025-01-14 10:14:38,307 [INFO] LogOutputStream:77 - [STDOUT_REDIRECT] 1 : Invalid condition id : UX_CORESTACK_Condition cause : null
2025-01-14 10:14:38,307 [INFO] LogOutputStream:77 - [STDOUT_REDIRECT] 1 : Invalid condition id : UX_CORESTACK_Condition cause : null
2025-01-14 10:14:38,309 [WARN] PackLoader:240 - Cannot read IP mode file for STMicroelectronics.X-CUBE-AZRTOS-WL.2.0.0
2025-01-14 10:14:38,323 [WARN] PackLoader:240 - Cannot read IP mode file for STMicroelectronics.FP-SNS-MOTENV1.5.0.0
2025-01-14 10:14:38,329 [WARN] PackLoader:240 - Cannot read IP mode file for wolfSSL.I-CUBE-wolfMQTT.1.19.0
2025-01-14 10:14:38,346 [WARN] PackLoader:240 - Cannot read IP mode file for WES.I-CUBE-Cesium.1.3.0
2025-01-14 10:14:38,358 [WARN] PackLoader:240 - Cannot read IP mode file for STMicroelectronics.X-CUBE-BLE2.3.3.0
2025-01-14 10:14:38,372 [WARN] PackLoader:240 - Cannot read IP mode file for STMicroelectronics.X-CUBE-NFC9.1.0.0
2025-01-14 10:14:38,402 [WARN] PackLoader:240 - Cannot read IP mode file for STMicroelectronics.X-CUBE-AZRTOS-G0.1.1.0
2025-01-14 10:14:38,416 [WARN] PackLoader:240 - Cannot read IP mode file for STMicroelectronics.X-CUBE-SAFEA1.1.2.2
2025-01-14 10:14:38,428 [WARN] PackLoader:240 - Cannot read IP mode file for STMicroelectronics.X-CUBE-NFC4.3.0.0
2025-01-14 10:14:38,441 [WARN] PackLoader:240 - Cannot read IP mode file for EmbeddedOffice.I-CUBE-FS-RTOS.1.0.1
2025-01-14 10:14:38,453 [WARN] PackLoader:240 - Cannot read IP mode file for STMicroelectronics.X-CUBE-TCPP.4.2.0
2025-01-14 10:14:38,465 [WARN] PackLoader:240 - Cannot read IP mode file for RealThread.X-CUBE-RT-Thread_Nano.4.1.1
2025-01-14 10:14:38,468 [WARN] PackLoader:240 - Cannot read IP mode file for STMicroelectronics.FP-ATR-SIGFOX1.3.2.0
2025-01-14 10:14:38,471 [WARN] ConditionMgr:438 - getConditionDescription Invalid condition id : Cortex-A Device cause : null
2025-01-14 10:14:38,489 [WARN] ConditionMgr:1044 - genDependencies : Invalid condition id : Cortex-A Device cause : null
2025-01-14 10:14:38,489 [WARN] ConditionMgr:1044 - genDependencies : Invalid condition id : Cortex-A Device cause : null
2025-01-14 10:14:38,489 [WARN] ConditionMgr:1044 - genDependencies : Invalid condition id : Cortex-A Device cause : null
2025-01-14 10:14:38,503 [WARN] PackLoader:240 - Cannot read IP mode file for STMicroelectronics.X-CUBE-EEPRMA1.5.1.0
2025-01-14 10:14:38,514 [WARN] PackLoader:240 - Cannot read IP mode file for wolfSSL.I-CUBE-wolfSSL.5.7.4
2025-01-14 10:14:38,526 [WARN] PackLoader:240 - Cannot read IP mode file for ITTIA_DB.I-CUBE-ITTIADB.8.9.0
2025-01-14 10:14:38,545 [WARN] PackLoader:240 - Cannot read IP mode file for SEGGER.I-CUBE-embOS.1.3.1
2025-01-14 10:14:38,575 [WARN] PackLoader:240 - Cannot read IP mode file for STMicroelectronics.X-CUBE-ALGOBUILD.1.4.0
2025-01-14 10:14:38,589 [WARN] PackLoader:240 - Cannot read IP mode file for STMicroelectronics.X-CUBE-AI.9.1.0
2025-01-14 10:14:38,613 [WARN] PackLoader:240 - Cannot read IP mode file for STMicroelectronics.X-CUBE-AZRTOS-F4.1.1.0
2025-01-14 10:14:38,629 [WARN] PackLoader:240 - Cannot read IP mode file for STMicroelectronics.X-CUBE-ISPU.2.1.0
2025-01-14 10:14:38,654 [WARN] PackLoader:240 - Cannot read IP mode file for STMicroelectronics.X-CUBE-AZRTOS-L5.2.0.0
2025-01-14 10:14:38,672 [WARN] PackLoader:240 - Cannot read IP mode file for STMicroelectronics.X-CUBE-NFC6.3.1.0
2025-01-14 10:14:38,687 [WARN] PackLoader:240 - Cannot read IP mode file for STMicroelectronics.X-CUBE-DPower.1.2.0
2025-01-14 10:14:38,702 [WARN] PackLoader:240 - Cannot read IP mode file for STMicroelectronics.X-CUBE-FREERTOS.1.3.0
2025-01-14 10:14:38,717 [WARN] PackLoader:240 - Cannot read IP mode file for STMicroelectronics.X-CUBE-NFC7.1.0.1
2025-01-14 10:14:38,741 [WARN] ConditionMgr:438 - getConditionDescription Invalid condition id : LAN8742 Phy interface Condition cause : null
2025-01-14 10:14:38,742 [WARN] PackLoader:240 - Cannot read IP mode file for STMicroelectronics.X-CUBE-AZRTOS-L4.2.0.0
2025-01-14 10:14:38,743 [WARN] ConditionMgr:1044 - genDependencies : Invalid condition id : LAN8742 Phy interface Condition cause : null
2025-01-14 10:14:38,744 [WARN] ConditionMgr:1044 - genDependencies : Invalid condition id : LAN8742 Phy interface Condition cause : null
2025-01-14 10:14:38,744 [WARN] ConditionMgr:1044 - genDependencies : Invalid condition id : LAN8742 Phy interface Condition cause : null
2025-01-14 10:14:38,761 [WARN] PackLoader:240 - Cannot read IP mode file for STMicroelectronics.X-CUBE-SFXS2LP1.4.0.0
2025-01-14 10:14:38,785 [WARN] PackLoader:240 - Cannot read IP mode file for STMicroelectronics.X-CUBE-AZRTOS-H7.3.3.0
2025-01-14 10:14:38,805 [WARN] PackLoader:240 - Cannot read IP mode file for STMicroelectronics.X-CUBE-IPS.3.0.0
2025-01-14 10:14:38,825 [WARN] ConditionMgr:438 - getConditionDescription Invalid condition id : UX DEVICE CLASS RTOS Condition cause : null
2025-01-14 10:14:38,826 [WARN] ConditionMgr:438 - getConditionDescription Invalid condition id : UX DEVICE CLASS RTOS Condition cause : null
2025-01-14 10:14:38,827 [WARN] PackLoader:240 - Cannot read IP mode file for STMicroelectronics.X-CUBE-AZRTOS-WB.2.0.0
2025-01-14 10:14:38,827 [WARN] ConditionMgr:1044 - genDependencies : Invalid condition id : UX DEVICE CLASS RTOS Condition cause : null
2025-01-14 10:14:38,827 [WARN] ConditionMgr:1044 - genDependencies : Invalid condition id : UX DEVICE CLASS RTOS Condition cause : null
2025-01-14 10:14:38,828 [WARN] ConditionMgr:1044 - genDependencies : Invalid condition id : UX DEVICE CLASS RTOS Condition cause : null
2025-01-14 10:14:38,828 [WARN] ConditionMgr:1044 - genDependencies : Invalid condition id : UX DEVICE CLASS RTOS Condition cause : null
2025-01-14 10:14:38,828 [WARN] ConditionMgr:1044 - genDependencies : Invalid condition id : UX DEVICE CLASS RTOS Condition cause : null
2025-01-14 10:14:38,842 [WARN] PackLoader:240 - Cannot read IP mode file for STMicroelectronics.X-CUBE-GNSS1.7.0.1
2025-01-14 10:14:38,856 [WARN] PackLoader:240 - Cannot read IP mode file for STMicroelectronics.FP-SNS-STBOX1.2.0.0
2025-01-14 10:14:38,871 [WARN] PackLoader:240 - Cannot read IP mode file for STMicroelectronics.X-CUBE-SUBG2.5.0.0
2025-01-14 10:14:38,877 [WARN] PackLoader:240 - Cannot read IP mode file for Cesanta.I-CUBE-Mongoose.7.13.0
2025-01-14 10:14:38,895 [WARN] PackLoader:240 - Cannot read IP mode file for STMicroelectronics.X-CUBE-AZRTOS-G4.2.0.0
2025-01-14 10:14:38,899 [WARN] PackLoader:240 - Cannot read IP mode file for STMicroelectronics.X-CUBE-IPS.3.1.0
2025-01-14 10:14:38,913 [WARN] PackLoader:240 - Cannot read IP mode file for STMicroelectronics.X-CUBE-ALS.1.0.2
2025-01-14 10:14:38,915 [WARN] PackLoader:240 - Cannot read IP mode file for STMicroelectronics.X-CUBE-TOUCHGFX.4.24.2
2025-01-14 10:14:38,930 [WARN] PackLoader:240 - Cannot read IP mode file for STMicroelectronics.X-CUBE-TOUCHGFX.4.24.1
2025-01-14 10:14:38,933 [WARN] PackLoader:240 - Cannot read IP mode file for wolfSSL.I-CUBE-wolfTPM.3.4.0
2025-01-14 10:14:38,945 [WARN] PackLoader:240 - Cannot read IP mode file for portGmbH.I-Cube-SoM-uGOAL.1.1.0
2025-01-14 10:14:38,966 [WARN] PackLoader:240 - Cannot read IP mode file for STMicroelectronics.X-CUBE-AZRTOS-H7RS.1.0.0
2025-01-14 10:14:38,981 [WARN] PackLoader:240 - Cannot read IP mode file for STMicroelectronics.X-CUBE-TOF1.3.4.2
2025-01-14 10:14:38,988 [WARN] PackLoader:240 - Cannot read IP mode file for wolfSSL.I-CUBE-wolfSSH.1.4.17
2025-01-14 10:14:38,988 [INFO] ThirdParty:978 - Integrity check success = true
2025-01-14 10:14:38,988 [INFO] IntegrityCheckThread:100 - exiting critical section [integrity check]
2025-01-14 10:14:38,988 [INFO] IntegrityCheckThread:103 - End integrity checks thread
2025-01-14 10:16:40,669 [ERROR] LogOutputStream:75 - [STDERR_REDIRECT] 
2025-01-14 10:16:40,671 [ERROR] LogOutputStream:75 - [STDERR_REDIRECT] 
2025-01-14 10:16:59,690 [INFO] Activator:176 - 


2025-01-14 10:16:59,691 [INFO] Activator:177 - !SESSION log4j initialized
2025-01-14 10:17:01,549 [INFO] LogOutputStream:77 - [STDOUT_REDIRECT] 
2025-01-14 10:17:24,093 [INFO] ApplicationProperties:184 - Using Application install path: C:\ST\STM32CubeIDE_1.17.0\STM32CubeIDE\plugins\com.st.stm32cube.common.mx_6.13.0.202411220809
2025-01-14 10:17:24,108 [INFO] DbMcusXml:78 - Set database path to: C:\ST\STM32CubeIDE_1.17.0\STM32CubeIDE\plugins\com.st.stm32cube.common.mx_6.13.0.202411220809\\db\/mcu/
2025-01-14 10:17:24,108 [INFO] ApiDb:274 - Set plugin database path to: C:\ST\STM32CubeIDE_1.17.0\STM32CubeIDE\plugins\com.st.stm32cube.common.mx_6.13.0.202411220809\\db\/plugins/boardmanager/
2025-01-14 10:17:24,108 [WARN] ApiDb:259 - Overriding images path with different value:  => C:\ST\STM32CubeIDE_1.17.0\STM32CubeIDE\plugins\com.st.stm32cube.common.mx_6.13.0.202411220809\\db\/plugins/mcufinder/images/
2025-01-14 10:17:24,120 [INFO] ApiDb:250 - Set database path to: C:\Users\r417t\.stmcufinder\plugins\mcufinder//mcu/
2025-01-14 10:17:24,124 [INFO] DbMcusAds:125 - Set database path to: C:\Users\r417t\.stmcufinder\plugins\mcufinder//mcu/
2025-01-14 10:17:24,128 [INFO] CrossReferenceDbSqlite:203 - Set database path to: C:\Users\r417t\.stmcufinder\plugins\mcufinder//mcu/cs/
2025-01-14 10:17:24,234 [INFO] RulesReader:64 - Compatibility file has been processed (297 Rules)
2025-01-14 10:17:24,310 [INFO] DbMcusXml:78 - Set database path to: C:\ST\STM32CubeIDE_1.17.0\STM32CubeIDE\plugins\com.st.stm32cube.common.mx_6.13.0.202411220809\\db\/mcu/
2025-01-14 10:17:24,310 [INFO] ApiDb:274 - Set plugin database path to: C:\ST\STM32CubeIDE_1.17.0\STM32CubeIDE\plugins\com.st.stm32cube.common.mx_6.13.0.202411220809\\db\/plugins/boardmanager/
2025-01-14 10:17:24,311 [INFO] ApiDb:261 - Set plugin images path to: C:\ST\STM32CubeIDE_1.17.0\STM32CubeIDE\plugins\com.st.stm32cube.common.mx_6.13.0.202411220809\\db\/plugins/mcufinder/images/
2025-01-14 10:17:24,311 [WARN] DbFile:41 - Overriding database path with different value: C:\Users\r417t\.stmcufinder\plugins\mcufinder/ => C:\Users\r417t\.stmcufinder\plugins\mcufinder
2025-01-14 10:17:24,311 [INFO] ApiDb:250 - Set database path to: C:\Users\r417t\.stmcufinder\plugins\mcufinder//mcu/
2025-01-14 10:17:24,311 [WARN] DbFile:41 - Overriding database path with different value: C:\Users\r417t\.stmcufinder\plugins\mcufinder/ => C:\Users\r417t\.stmcufinder\plugins\mcufinder
2025-01-14 10:17:24,311 [INFO] DbMcusAds:125 - Set database path to: C:\Users\r417t\.stmcufinder\plugins\mcufinder//mcu/
2025-01-14 10:17:24,311 [WARN] DbFile:41 - Overriding database path with different value: C:\Users\r417t\.stmcufinder\plugins\mcufinder/ => C:\Users\r417t\.stmcufinder\plugins\mcufinder
2025-01-14 10:17:24,311 [WARN] DbFile:41 - Overriding database path with different value: C:\Users\r417t\.stmcufinder\plugins\mcufinder/ => C:\Users\r417t\.stmcufinder\plugins\mcufinder
2025-01-14 10:17:24,311 [INFO] CrossReferenceDbSqlite:203 - Set database path to: C:\Users\r417t\.stmcufinder\plugins\mcufinder//mcu/cs/
2025-01-14 10:17:24,352 [INFO] MainPanel:272 - HeapMemory: 268435456
2025-01-14 10:17:24,403 [INFO] DbMcusXml:78 - Set database path to: C:\ST\STM32CubeIDE_1.17.0\STM32CubeIDE\plugins\com.st.stm32cube.common.mx_6.13.0.202411220809\\db\/mcu/
2025-01-14 10:17:24,403 [INFO] ApiDb:274 - Set plugin database path to: C:\ST\STM32CubeIDE_1.17.0\STM32CubeIDE\plugins\com.st.stm32cube.common.mx_6.13.0.202411220809\\db\/plugins/boardmanager/
2025-01-14 10:17:24,403 [INFO] ApiDb:261 - Set plugin images path to: C:\ST\STM32CubeIDE_1.17.0\STM32CubeIDE\plugins\com.st.stm32cube.common.mx_6.13.0.202411220809\\db\/plugins/mcufinder/images/
2025-01-14 10:17:24,403 [WARN] DbFile:41 - Overriding database path with different value: C:\Users\r417t\.stmcufinder\plugins\mcufinder/ => C:\Users\r417t\.stmcufinder\plugins\mcufinder
2025-01-14 10:17:24,403 [INFO] ApiDb:250 - Set database path to: C:\Users\r417t\.stmcufinder\plugins\mcufinder//mcu/
2025-01-14 10:17:24,403 [WARN] DbFile:41 - Overriding database path with different value: C:\Users\r417t\.stmcufinder\plugins\mcufinder/ => C:\Users\r417t\.stmcufinder\plugins\mcufinder
2025-01-14 10:17:24,403 [INFO] DbMcusAds:125 - Set database path to: C:\Users\r417t\.stmcufinder\plugins\mcufinder//mcu/
2025-01-14 10:17:24,403 [WARN] DbFile:41 - Overriding database path with different value: C:\Users\r417t\.stmcufinder\plugins\mcufinder/ => C:\Users\r417t\.stmcufinder\plugins\mcufinder
2025-01-14 10:17:24,403 [WARN] DbFile:41 - Overriding database path with different value: C:\Users\r417t\.stmcufinder\plugins\mcufinder/ => C:\Users\r417t\.stmcufinder\plugins\mcufinder
2025-01-14 10:17:24,403 [INFO] CrossReferenceDbSqlite:203 - Set database path to: C:\Users\r417t\.stmcufinder\plugins\mcufinder//mcu/cs/
2025-01-14 10:17:24,418 [INFO] ApplicationProperties:184 - Using Application install path: C:\ST\STM32CubeIDE_1.17.0\STM32CubeIDE\plugins\com.st.stm32cube.common.mx_6.13.0.202411220809
2025-01-14 10:17:24,418 [INFO] PluginManage:196 - Search for loadable plugins [exclusion list=, ]
2025-01-14 10:17:24,418 [INFO] PluginManage:310 - Check plugin analytics
2025-01-14 10:17:24,576 [INFO] AnalyticsPlugin:253 - Accepted Software Licenses: STM32CubeMX.6.13.0
2025-01-14 10:17:24,576 [INFO] AnalyticsPlugin:255 - Accepted CMSIS Pack Licenses: 
2025-01-14 10:17:24,582 [INFO] AnalyticsPlugin:257 - Accepted Firmware Licenses: FW.F4.1.28.0
2025-01-14 10:17:24,585 [INFO] PluginManage:359 - Loaded plugin analytics (category:tool,tabindex:-1)
2025-01-14 10:17:24,586 [INFO] PluginManage:310 - Check plugin cadmodel
2025-01-14 10:17:24,589 [INFO] CADModel:105 - Init CAD model plugin
2025-01-14 10:17:24,589 [INFO] PluginManage:359 - Loaded plugin cadmodel (category:power,tabindex:5)
2025-01-14 10:17:24,589 [INFO] PluginManage:310 - Check plugin clock
2025-01-14 10:17:24,597 [INFO] PluginManage:359 - Loaded plugin clock (category:base,tabindex:2)
2025-01-14 10:17:24,598 [INFO] PluginManage:310 - Check plugin ddr
2025-01-14 10:17:24,600 [INFO] PluginManage:359 - Loaded plugin ddr (category:tool,tabindex:6)
2025-01-14 10:17:24,600 [INFO] PluginManage:310 - Check plugin filemanager
2025-01-14 10:17:24,700 [INFO] PluginManage:359 - Loaded plugin filemanager (category:base,tabindex:10)
2025-01-14 10:17:24,700 [INFO] PluginManage:310 - Check plugin ipmanager
2025-01-14 10:17:24,707 [INFO] PluginManage:359 - Loaded plugin ipmanager (category:base,tabindex:5)
2025-01-14 10:17:24,707 [INFO] PluginManage:310 - Check plugin lpbam
2025-01-14 10:17:24,713 [INFO] PluginManage:359 - Loaded plugin lpbam (category:base,tabindex:0)
2025-01-14 10:17:24,713 [INFO] PluginManage:310 - Check plugin memorymap
2025-01-14 10:17:24,723 [INFO] PluginManage:359 - Loaded plugin memorymap (category:base,tabindex:4)
2025-01-14 10:17:24,723 [INFO] PluginManage:310 - Check plugin pinoutandconfiguration
2025-01-14 10:17:24,728 [INFO] PluginManage:359 - Loaded plugin pinoutandconfiguration (category:base,tabindex:1)
2025-01-14 10:17:24,728 [INFO] PluginManage:310 - Check plugin pinoutconfig
2025-01-14 10:17:24,841 [WARN] SupportedApi:132 - Cannot load RTOS API schema: s4s-elt-must-match.1: The content of 'definitions' must match (annotation?, (simpleType | complexType)?, (unique | key | keyref)*)). A problem was found starting at: attribute.
2025-01-14 10:17:24,910 [INFO] PluginManage:359 - Loaded plugin pinoutconfig (category:base,tabindex:0)
2025-01-14 10:17:24,910 [INFO] PluginManage:310 - Check plugin power
2025-01-14 10:17:24,910 [INFO] PluginManage:359 - Loaded plugin power (category:power,tabindex:4)
2025-01-14 10:17:24,910 [INFO] PluginManage:310 - Check plugin projectmanager
2025-01-14 10:17:24,934 [INFO] PluginManage:359 - Loaded plugin projectmanager (category:projectmanager,tabindex:4)
2025-01-14 10:17:24,934 [INFO] PluginManage:310 - Check plugin rif
2025-01-14 10:17:24,934 [INFO] PluginManage:359 - Loaded plugin rif (category:base,tabindex:3)
2025-01-14 10:17:24,934 [INFO] PluginManage:310 - Check plugin thirdparty
2025-01-14 10:17:25,029 [WARN] IntegrityCheckThread:84 - waiting for thirdparty lock release [integrity check]
2025-01-14 10:17:25,029 [INFO] IntegrityCheckThread:86 - entering critical section [integrity check]
2025-01-14 10:17:25,029 [INFO] PluginManage:359 - Loaded plugin thirdparty (category:base,tabindex:-1)
2025-01-14 10:17:25,029 [INFO] ThirdPartyUpdaterWithRetryManager:70 - Updater plugin not ready yet. [1/15]
2025-01-14 10:17:25,029 [INFO] PluginManage:310 - Check plugin tools
2025-01-14 10:17:25,029 [INFO] PluginManage:359 - Loaded plugin tools (category:base,tabindex:7)
2025-01-14 10:17:25,029 [INFO] PluginManage:310 - Check plugin tutovideos
2025-01-14 10:17:25,113 [INFO] PluginManage:359 - Loaded plugin tutovideos (category:base,tabindex:-1)
2025-01-14 10:17:25,113 [INFO] PluginManage:310 - Check plugin updater
2025-01-14 10:17:25,123 [INFO] PluginManage:359 - Loaded plugin updater (category:base,tabindex:12)
2025-01-14 10:17:25,123 [INFO] PluginManage:310 - Check plugin userauth
2025-01-14 10:17:25,123 [INFO] UserAuth:118 - Init User Auth plugin
2025-01-14 10:17:25,123 [INFO] PluginManage:359 - Loaded plugin userauth (category:base,tabindex:14)
2025-01-14 10:17:25,123 [INFO] PluginManage:283 - PluginManage : Loaded plugins [18]
2025-01-14 10:17:25,246 [INFO] PinOutPanel:1589 - setPackage(No Configuration,No Configuration)
2025-01-14 10:17:25,310 [INFO] CADModel:165 - CPN selected for project level
2025-01-14 10:17:25,310 [INFO] CADModel:114 - Register for checkConnection events
2025-01-14 10:17:25,324 [INFO] IPUIPlugin:80 - create IPUIPlugin
2025-01-14 10:17:25,324 [INFO] PluginManager:220 - loadIPPluginJar : add adc
2025-01-14 10:17:25,326 [INFO] IPUIPlugin:80 - create IPUIPlugin
2025-01-14 10:17:25,326 [INFO] PluginManager:220 - loadIPPluginJar : add aes
2025-01-14 10:17:25,328 [INFO] IPUIPlugin:80 - create IPUIPlugin
2025-01-14 10:17:25,329 [INFO] PluginManager:220 - loadIPPluginJar : add can
2025-01-14 10:17:25,329 [INFO] IPUIPlugin:80 - create IPUIPlugin
2025-01-14 10:17:25,330 [INFO] PluginManager:220 - loadIPPluginJar : add comp
2025-01-14 10:17:25,331 [INFO] IPUIPlugin:80 - create IPUIPlugin
2025-01-14 10:17:25,331 [INFO] PluginManager:220 - loadIPPluginJar : add cryp
2025-01-14 10:17:25,333 [INFO] IPUIPlugin:80 - create IPUIPlugin
2025-01-14 10:17:25,333 [INFO] PluginManager:220 - loadIPPluginJar : add ddr_ctrl_phy
2025-01-14 10:17:25,334 [INFO] IPUIPlugin:80 - create IPUIPlugin
2025-01-14 10:17:25,334 [INFO] PluginManager:220 - loadIPPluginJar : add dfsdm
2025-01-14 10:17:25,337 [INFO] IPUIPlugin:80 - create IPUIPlugin
2025-01-14 10:17:25,337 [INFO] PluginManager:220 - loadIPPluginJar : add dma
2025-01-14 10:17:25,340 [INFO] IPUIPlugin:80 - create IPUIPlugin
2025-01-14 10:17:25,340 [INFO] PluginManager:220 - loadIPPluginJar : add dma3
2025-01-14 10:17:25,342 [INFO] IPUIPlugin:80 - create IPUIPlugin
2025-01-14 10:17:25,342 [INFO] PluginManager:220 - loadIPPluginJar : add extmemmanager
2025-01-14 10:17:25,343 [INFO] IPUIPlugin:80 - create IPUIPlugin
2025-01-14 10:17:25,343 [INFO] PluginManager:220 - loadIPPluginJar : add fatfs
2025-01-14 10:17:25,346 [INFO] IPUIPlugin:80 - create IPUIPlugin
2025-01-14 10:17:25,347 [INFO] PluginManager:220 - loadIPPluginJar : add fmc
2025-01-14 10:17:25,350 [INFO] IPUIPlugin:80 - create IPUIPlugin
2025-01-14 10:17:25,350 [INFO] PluginManager:220 - loadIPPluginJar : add freertos
2025-01-14 10:17:25,351 [INFO] IPUIPlugin:80 - create IPUIPlugin
2025-01-14 10:17:25,351 [INFO] PluginManager:220 - loadIPPluginJar : add genericplugin
2025-01-14 10:17:25,352 [INFO] IPUIPlugin:80 - create IPUIPlugin
2025-01-14 10:17:25,352 [INFO] PluginManager:220 - loadIPPluginJar : add gfxmmu
2025-01-14 10:17:25,353 [INFO] IPUIPlugin:80 - create IPUIPlugin
2025-01-14 10:17:25,353 [INFO] PluginManager:220 - loadIPPluginJar : add gic
2025-01-14 10:17:25,356 [INFO] IPUIPlugin:80 - create IPUIPlugin
2025-01-14 10:17:25,356 [INFO] PluginManager:220 - loadIPPluginJar : add gpio
2025-01-14 10:17:25,356 [INFO] IPUIPlugin:80 - create IPUIPlugin
2025-01-14 10:17:25,356 [INFO] PluginManager:220 - loadIPPluginJar : add gtzc
2025-01-14 10:17:25,356 [INFO] IPUIPlugin:80 - create IPUIPlugin
2025-01-14 10:17:25,356 [INFO] PluginManager:220 - loadIPPluginJar : add hash
2025-01-14 10:17:25,356 [INFO] IPUIPlugin:80 - create IPUIPlugin
2025-01-14 10:17:25,356 [INFO] PluginManager:220 - loadIPPluginJar : add i2c
2025-01-14 10:17:25,363 [INFO] IPUIPlugin:80 - create IPUIPlugin
2025-01-14 10:17:25,363 [INFO] PluginManager:220 - loadIPPluginJar : add i2s
2025-01-14 10:17:25,363 [INFO] IPUIPlugin:80 - create IPUIPlugin
2025-01-14 10:17:25,363 [INFO] PluginManager:220 - loadIPPluginJar : add i3c
2025-01-14 10:17:25,363 [INFO] IPUIPlugin:80 - create IPUIPlugin
2025-01-14 10:17:25,363 [INFO] PluginManager:220 - loadIPPluginJar : add ipddr
2025-01-14 10:17:25,368 [INFO] IPUIPlugin:80 - create IPUIPlugin
2025-01-14 10:17:25,372 [INFO] PluginManager:220 - loadIPPluginJar : add linkedlist
2025-01-14 10:17:25,372 [INFO] IPUIPlugin:80 - create IPUIPlugin
2025-01-14 10:17:25,372 [INFO] PluginManager:220 - loadIPPluginJar : add lorawan
2025-01-14 10:17:25,372 [INFO] IPUIPlugin:80 - create IPUIPlugin
2025-01-14 10:17:25,372 [INFO] PluginManager:220 - loadIPPluginJar : add ltdc
2025-01-14 10:17:25,377 [INFO] IPUIPlugin:80 - create IPUIPlugin
2025-01-14 10:17:25,377 [INFO] PluginManager:220 - loadIPPluginJar : add mdma
2025-01-14 10:17:25,377 [INFO] IPUIPlugin:80 - create IPUIPlugin
2025-01-14 10:17:25,377 [INFO] PluginManager:220 - loadIPPluginJar : add nvic
2025-01-14 10:17:25,377 [INFO] IPUIPlugin:80 - create IPUIPlugin
2025-01-14 10:17:25,377 [INFO] PluginManager:220 - loadIPPluginJar : add opamp
2025-01-14 10:17:25,386 [INFO] IPUIPlugin:80 - create IPUIPlugin
2025-01-14 10:17:25,386 [INFO] PluginManager:220 - loadIPPluginJar : add openamp
2025-01-14 10:17:25,388 [INFO] IPUIPlugin:80 - create IPUIPlugin
2025-01-14 10:17:25,388 [INFO] PluginManager:220 - loadIPPluginJar : add pdm2pcm
2025-01-14 10:17:25,391 [INFO] IPUIPlugin:80 - create IPUIPlugin
2025-01-14 10:17:25,393 [INFO] PluginManager:220 - loadIPPluginJar : add plateformsettings
2025-01-14 10:17:25,394 [INFO] IPUIPlugin:80 - create IPUIPlugin
2025-01-14 10:17:25,394 [INFO] PluginManager:220 - loadIPPluginJar : add quadspi
2025-01-14 10:17:25,396 [INFO] IPUIPlugin:80 - create IPUIPlugin
2025-01-14 10:17:25,396 [INFO] PluginManager:220 - loadIPPluginJar : add radio
2025-01-14 10:17:25,398 [INFO] IPUIPlugin:80 - create IPUIPlugin
2025-01-14 10:17:25,398 [INFO] PluginManager:220 - loadIPPluginJar : add resmgrutility
2025-01-14 10:17:25,401 [INFO] IPUIPlugin:80 - create IPUIPlugin
2025-01-14 10:17:25,401 [INFO] PluginManager:220 - loadIPPluginJar : add sai
2025-01-14 10:17:25,403 [INFO] IPUIPlugin:80 - create IPUIPlugin
2025-01-14 10:17:25,403 [INFO] PluginManager:220 - loadIPPluginJar : add spi
2025-01-14 10:17:25,406 [INFO] IPUIPlugin:80 - create IPUIPlugin
2025-01-14 10:17:25,406 [INFO] PluginManager:220 - loadIPPluginJar : add stm32_wpan
2025-01-14 10:17:25,407 [INFO] IPUIPlugin:80 - create IPUIPlugin
2025-01-14 10:17:25,407 [INFO] PluginManager:220 - loadIPPluginJar : add tim
2025-01-14 10:17:25,409 [INFO] IPUIPlugin:80 - create IPUIPlugin
2025-01-14 10:17:25,409 [INFO] PluginManager:220 - loadIPPluginJar : add touchsensing
2025-01-14 10:17:25,411 [INFO] IPUIPlugin:80 - create IPUIPlugin
2025-01-14 10:17:25,411 [INFO] PluginManager:220 - loadIPPluginJar : add tracer_emb
2025-01-14 10:17:25,412 [INFO] IPUIPlugin:80 - create IPUIPlugin
2025-01-14 10:17:25,412 [INFO] PluginManager:220 - loadIPPluginJar : add ts
2025-01-14 10:17:25,413 [INFO] IPUIPlugin:80 - create IPUIPlugin
2025-01-14 10:17:25,413 [INFO] PluginManager:220 - loadIPPluginJar : add tsc
2025-01-14 10:17:25,414 [INFO] IPUIPlugin:80 - create IPUIPlugin
2025-01-14 10:17:25,414 [INFO] PluginManager:220 - loadIPPluginJar : add ucpd
2025-01-14 10:17:25,415 [INFO] IPUIPlugin:80 - create IPUIPlugin
2025-01-14 10:17:25,415 [INFO] PluginManager:220 - loadIPPluginJar : add usart
2025-01-14 10:17:25,417 [INFO] IPUIPlugin:80 - create IPUIPlugin
2025-01-14 10:17:25,417 [INFO] PluginManager:220 - loadIPPluginJar : add usbx
2025-01-14 10:17:25,527 [FATAL] Updater:351 - Updater called before beeing initialized
2025-01-14 10:17:25,540 [INFO] RulesReader:64 - Compatibility file has been processed (297 Rules)
2025-01-14 10:17:25,554 [INFO] RulesReader:64 - Compatibility file has been processed (297 Rules)
2025-01-14 10:17:25,557 [INFO] CADModel:165 - CPN selected for project level
2025-01-14 10:17:25,557 [INFO] CADModel:114 - Register for checkConnection events
2025-01-14 10:17:25,557 [FATAL] Updater:351 - Updater called before beeing initialized
2025-01-14 10:17:25,557 [ERROR] CADModel:125 - Updater not yet initialized, retry later 
2025-01-14 10:17:25,661 [FATAL] Updater:351 - Updater called before beeing initialized
2025-01-14 10:17:25,664 [INFO] CADModel:165 - CPN selected for project level
2025-01-14 10:17:25,664 [INFO] CADModel:114 - Register for checkConnection events
2025-01-14 10:17:25,664 [FATAL] Updater:351 - Updater called before beeing initialized
2025-01-14 10:17:25,664 [ERROR] CADModel:125 - Updater not yet initialized, retry later 
2025-01-14 10:17:25,664 [FATAL] Updater:351 - Updater called before beeing initialized
2025-01-14 10:17:25,762 [FATAL] Updater:351 - Updater called before beeing initialized
2025-01-14 10:17:25,770 [INFO] DbMcusAds:53 - JSON generation date=Wed Dec 18 00:01:15 CST 2024 (1734451275222)
2025-01-14 10:17:25,770 [FATAL] Updater:351 - Updater called before beeing initialized
2025-01-14 10:17:25,787 [WARN] DetailPanel:346 - Failed to get advertising image, set to default
2025-01-14 10:17:25,917 [FATAL] Updater:351 - Updater called before beeing initialized
2025-01-14 10:17:25,934 [FATAL] Updater:351 - Updater called before beeing initialized
2025-01-14 10:17:25,934 [FATAL] Updater:351 - Updater called before beeing initialized
2025-01-14 10:17:25,934 [WARN] DetailPanel:346 - Failed to get advertising image, set to default
2025-01-14 10:17:25,935 [FATAL] Updater:351 - Updater called before beeing initialized
2025-01-14 10:17:25,953 [ERROR] Updater:1198 - MainUpdater not yet initialized. External WinMGr cannot be set.
2025-01-14 10:17:25,953 [INFO] Updater:1134 - Updater Version found : 6.13.0
2025-01-14 10:17:25,968 [INFO] ApplicationProperties:184 - Using Application install path: C:\ST\STM32CubeIDE_1.17.0\STM32CubeIDE\plugins\com.st.stm32cube.common.mx_6.13.0.202411220809
2025-01-14 10:17:27,567 [ERROR] LogOutputStream:75 - [STDERR_REDIRECT] Jan 14, 2025 10:17:27 AM java.util.prefs.WindowsPreferences <init>
2025-01-14 10:17:27,567 [ERROR] LogOutputStream:75 - [STDERR_REDIRECT] WARNING: Could not open/create prefs root node Software\JavaSoft\Prefs at root 0xffffffff80000002. Windows RegCreateKeyEx(...) returned error code 5.
2025-01-14 10:17:27,567 [ERROR] LogOutputStream:75 - [STDERR_REDIRECT] 
2025-01-14 10:17:27,882 [INFO] MainUpdater:2872 - connection check result : 10
2025-01-14 10:17:27,882 [INFO] MainUpdater:289 - Updater Check For Update Now.
2025-01-14 10:17:27,882 [INFO] MicroXplorer:498 - Change Database Version : DB.6.0.130
2025-01-14 10:17:27,895 [INFO] McuFinderGlobals:63 - Set McuFinder mode to 2 (CubeIDE integrated)
2025-01-14 10:17:27,906 [INFO] UserAuth:486 - Internet connection configuration mode: 1
2025-01-14 10:17:27,941 [INFO] JxBrowserEngine:152 - Initiate JxBrowser Engine with user profile folder
2025-01-14 10:17:28,044 [WARN] MainUpdater:1193 - Updater busy. Cannot search thirdparties
2025-01-14 10:17:28,044 [INFO] ThirdPartyUpdaterWithRetryManager:96 - Updater plugin is busy. [1/15]
2025-01-14 10:17:28,065 [INFO] CheckServerUpdateThread:120 - End of CheckServer Thread
2025-01-14 10:17:28,347 [INFO] WebApp:168 - Instantiating new browser for Auth
2025-01-14 10:17:28,769 [INFO] WebApp:449 - Apply proxy settings
2025-01-14 10:17:28,769 [INFO] WebApp:534 - Chromium requires no authentication
2025-01-14 10:17:28,774 [INFO] WebApp:477 - Direct internet connection detected
2025-01-14 10:17:28,784 [INFO] WebApp:880 - Register for checkConnection events
2025-01-14 10:17:28,786 [INFO] WebApp:449 - Apply proxy settings
2025-01-14 10:17:28,786 [INFO] WebApp:534 - Chromium requires no authentication
2025-01-14 10:17:28,786 [INFO] WebApp:477 - Direct internet connection detected
2025-01-14 10:17:28,868 [INFO] WebApp:221 - Starting web application
2025-01-14 10:17:28,868 [INFO] WebApp:579 - Web application path used C:\ST\STM32CubeIDE_1.17.0\STM32CubeIDE\plugins\com.st.stm32cube.common.mx_6.13.0.202411220809\db\plugins\mcufinder\reactClient1\index.html
2025-01-14 10:17:28,927 [INFO] UserAuth:486 - Internet connection configuration mode: 1
2025-01-14 10:17:29,208 [INFO] WebApp:187 - Connection restablished
2025-01-14 10:17:31,168 [WARN] PackLoader:240 - Cannot read IP mode file for STMicroelectronics.FP-SNS-MOTENVWB1.1.4.0
2025-01-14 10:17:31,176 [WARN] PackLoader:240 - Cannot read IP mode file for STMicroelectronics.FP-ATR-ASTRA1.2.0.1
2025-01-14 10:17:31,182 [WARN] PackLoader:240 - Cannot read IP mode file for STMicroelectronics.X-CUBE-SMBUS.2.1.0
2025-01-14 10:17:31,189 [WARN] PackLoader:240 - Cannot read IP mode file for STMicroelectronics.X-CUBE-WB05N.1.1.0
2025-01-14 10:17:31,213 [WARN] PackLoader:240 - Cannot read IP mode file for STMicroelectronics.X-CUBE-AZRTOS-F7.1.1.0
2025-01-14 10:17:31,222 [WARN] PackLoader:240 - Cannot read IP mode file for STMicroelectronics.FP-SNS-FLIGHT1.5.0.2
2025-01-14 10:17:31,241 [WARN] PackLoader:240 - Cannot read IP mode file for Infineon.AIROC-Wi-Fi-Bluetooth-STM32.1.7.0
2025-01-14 10:17:31,256 [WARN] PackLoader:240 - Cannot read IP mode file for STMicroelectronics.X-CUBE-DISPLAY.3.0.0
2025-01-14 10:17:31,263 [WARN] PackLoader:240 - Cannot read IP mode file for STMicroelectronics.X-CUBE-BLE1.7.0.0
2025-01-14 10:17:31,267 [WARN] PackLoader:240 - Cannot read IP mode file for STMicroelectronics.X-CUBE-NFC10.1.0.0
2025-01-14 10:17:31,275 [WARN] PackLoader:240 - Cannot read IP mode file for STMicroelectronics.X-CUBE-BLEMGR.4.0.0
2025-01-14 10:17:31,281 [WARN] PackLoader:240 - Cannot read IP mode file for emotas.I-CUBE-CANOPEN.1.3.0
2025-01-14 10:17:31,284 [WARN] PackLoader:240 - Cannot read IP mode file for STMicroelectronics.FP-SNS-SMARTAG2.1.2.0
2025-01-14 10:17:31,319 [WARN] PackLoader:240 - Cannot read IP mode file for STMicroelectronics.X-CUBE-MEMS1.11.1.0
2025-01-14 10:17:31,409 [INFO] LogOutputStream:77 - [STDOUT_REDIRECT] 1 : Invalid condition id : UX_CORESTACK_Condition cause : null
2025-01-14 10:17:31,410 [INFO] LogOutputStream:77 - [STDOUT_REDIRECT] 1 : Invalid condition id : UX_CORESTACK_Condition cause : null
2025-01-14 10:17:31,411 [INFO] LogOutputStream:77 - [STDOUT_REDIRECT] 1 : Invalid condition id : UX_CORESTACK_Condition cause : null
2025-01-14 10:17:31,412 [INFO] LogOutputStream:77 - [STDOUT_REDIRECT] 1 : Invalid condition id : UX_CORESTACK_Condition cause : null
2025-01-14 10:17:31,413 [INFO] LogOutputStream:77 - [STDOUT_REDIRECT] 1 : Invalid condition id : UX_CORESTACK_Condition cause : null
2025-01-14 10:17:31,414 [WARN] PackLoader:240 - Cannot read IP mode file for STMicroelectronics.X-CUBE-AZRTOS-WL.2.0.0
2025-01-14 10:17:31,417 [WARN] PackLoader:240 - Cannot read IP mode file for STMicroelectronics.FP-SNS-MOTENV1.5.0.0
2025-01-14 10:17:31,421 [WARN] PackLoader:240 - Cannot read IP mode file for wolfSSL.I-CUBE-wolfMQTT.1.19.0
2025-01-14 10:17:31,427 [WARN] PackLoader:240 - Cannot read IP mode file for WES.I-CUBE-Cesium.1.3.0
2025-01-14 10:17:31,430 [WARN] PackLoader:240 - Cannot read IP mode file for STMicroelectronics.X-CUBE-BLE2.3.3.0
2025-01-14 10:17:31,433 [WARN] PackLoader:240 - Cannot read IP mode file for STMicroelectronics.X-CUBE-NFC9.1.0.0
2025-01-14 10:17:31,440 [WARN] PackLoader:240 - Cannot read IP mode file for STMicroelectronics.X-CUBE-AZRTOS-G0.1.1.0
2025-01-14 10:17:31,446 [WARN] PackLoader:240 - Cannot read IP mode file for STMicroelectronics.X-CUBE-SAFEA1.1.2.2
2025-01-14 10:17:31,451 [WARN] PackLoader:240 - Cannot read IP mode file for STMicroelectronics.X-CUBE-NFC4.3.0.0
2025-01-14 10:17:31,456 [WARN] PackLoader:240 - Cannot read IP mode file for EmbeddedOffice.I-CUBE-FS-RTOS.1.0.1
2025-01-14 10:17:31,460 [WARN] PackLoader:240 - Cannot read IP mode file for STMicroelectronics.X-CUBE-TCPP.4.2.0
2025-01-14 10:17:31,467 [WARN] PackLoader:240 - Cannot read IP mode file for RealThread.X-CUBE-RT-Thread_Nano.4.1.1
2025-01-14 10:17:31,473 [WARN] PackLoader:240 - Cannot read IP mode file for STMicroelectronics.FP-ATR-SIGFOX1.3.2.0
2025-01-14 10:17:31,481 [WARN] ConditionMgr:438 - getConditionDescription Invalid condition id : Cortex-A Device cause : null
2025-01-14 10:17:31,519 [WARN] ConditionMgr:1044 - genDependencies : Invalid condition id : Cortex-A Device cause : null
2025-01-14 10:17:31,519 [WARN] ConditionMgr:1044 - genDependencies : Invalid condition id : Cortex-A Device cause : null
2025-01-14 10:17:31,519 [WARN] ConditionMgr:1044 - genDependencies : Invalid condition id : Cortex-A Device cause : null
2025-01-14 10:17:31,524 [WARN] PackLoader:240 - Cannot read IP mode file for STMicroelectronics.X-CUBE-EEPRMA1.5.1.0
2025-01-14 10:17:31,528 [WARN] PackLoader:240 - Cannot read IP mode file for wolfSSL.I-CUBE-wolfSSL.5.7.4
2025-01-14 10:17:31,533 [WARN] PackLoader:240 - Cannot read IP mode file for ITTIA_DB.I-CUBE-ITTIADB.8.9.0
2025-01-14 10:17:31,548 [WARN] PackLoader:240 - Cannot read IP mode file for SEGGER.I-CUBE-embOS.1.3.1
2025-01-14 10:17:31,569 [WARN] PackLoader:240 - Cannot read IP mode file for STMicroelectronics.X-CUBE-ALGOBUILD.1.4.0
2025-01-14 10:17:31,572 [WARN] PackLoader:240 - Cannot read IP mode file for STMicroelectronics.X-CUBE-AI.9.1.0
2025-01-14 10:17:31,579 [WARN] PackLoader:240 - Cannot read IP mode file for STMicroelectronics.X-CUBE-AZRTOS-F4.1.1.0
2025-01-14 10:17:31,583 [WARN] PackLoader:240 - Cannot read IP mode file for STMicroelectronics.X-CUBE-ISPU.2.1.0
2025-01-14 10:17:31,592 [WARN] PackLoader:240 - Cannot read IP mode file for STMicroelectronics.X-CUBE-AZRTOS-L5.2.0.0
2025-01-14 10:17:31,598 [WARN] PackLoader:240 - Cannot read IP mode file for STMicroelectronics.X-CUBE-NFC6.3.1.0
2025-01-14 10:17:31,603 [WARN] PackLoader:240 - Cannot read IP mode file for STMicroelectronics.X-CUBE-DPower.1.2.0
2025-01-14 10:17:31,606 [WARN] PackLoader:240 - Cannot read IP mode file for STMicroelectronics.X-CUBE-FREERTOS.1.3.0
2025-01-14 10:17:31,609 [WARN] PackLoader:240 - Cannot read IP mode file for STMicroelectronics.X-CUBE-NFC7.1.0.1
2025-01-14 10:17:31,620 [WARN] ConditionMgr:438 - getConditionDescription Invalid condition id : LAN8742 Phy interface Condition cause : null
2025-01-14 10:17:31,620 [WARN] PackLoader:240 - Cannot read IP mode file for STMicroelectronics.X-CUBE-AZRTOS-L4.2.0.0
2025-01-14 10:17:31,621 [WARN] ConditionMgr:1044 - genDependencies : Invalid condition id : LAN8742 Phy interface Condition cause : null
2025-01-14 10:17:31,621 [WARN] ConditionMgr:1044 - genDependencies : Invalid condition id : LAN8742 Phy interface Condition cause : null
2025-01-14 10:17:31,621 [WARN] ConditionMgr:1044 - genDependencies : Invalid condition id : LAN8742 Phy interface Condition cause : null
2025-01-14 10:17:31,626 [WARN] PackLoader:240 - Cannot read IP mode file for STMicroelectronics.X-CUBE-SFXS2LP1.4.0.0
2025-01-14 10:17:31,634 [WARN] PackLoader:240 - Cannot read IP mode file for STMicroelectronics.X-CUBE-AZRTOS-H7.3.3.0
2025-01-14 10:17:31,642 [WARN] PackLoader:240 - Cannot read IP mode file for STMicroelectronics.X-CUBE-IPS.3.0.0
2025-01-14 10:17:31,649 [WARN] ConditionMgr:438 - getConditionDescription Invalid condition id : UX DEVICE CLASS RTOS Condition cause : null
2025-01-14 10:17:31,649 [WARN] ConditionMgr:438 - getConditionDescription Invalid condition id : UX DEVICE CLASS RTOS Condition cause : null
2025-01-14 10:17:31,653 [WARN] PackLoader:240 - Cannot read IP mode file for STMicroelectronics.X-CUBE-AZRTOS-WB.2.0.0
2025-01-14 10:17:31,653 [WARN] ConditionMgr:1044 - genDependencies : Invalid condition id : UX DEVICE CLASS RTOS Condition cause : null
2025-01-14 10:17:31,653 [WARN] ConditionMgr:1044 - genDependencies : Invalid condition id : UX DEVICE CLASS RTOS Condition cause : null
2025-01-14 10:17:31,653 [WARN] ConditionMgr:1044 - genDependencies : Invalid condition id : UX DEVICE CLASS RTOS Condition cause : null
2025-01-14 10:17:31,654 [WARN] ConditionMgr:1044 - genDependencies : Invalid condition id : UX DEVICE CLASS RTOS Condition cause : null
2025-01-14 10:17:31,654 [WARN] ConditionMgr:1044 - genDependencies : Invalid condition id : UX DEVICE CLASS RTOS Condition cause : null
2025-01-14 10:17:31,657 [WARN] PackLoader:240 - Cannot read IP mode file for STMicroelectronics.X-CUBE-GNSS1.7.0.1
2025-01-14 10:17:31,662 [WARN] PackLoader:240 - Cannot read IP mode file for STMicroelectronics.FP-SNS-STBOX1.2.0.0
2025-01-14 10:17:31,668 [WARN] PackLoader:240 - Cannot read IP mode file for STMicroelectronics.X-CUBE-SUBG2.5.0.0
2025-01-14 10:17:31,673 [WARN] PackLoader:240 - Cannot read IP mode file for Cesanta.I-CUBE-Mongoose.7.13.0
2025-01-14 10:17:31,679 [WARN] PackLoader:240 - Cannot read IP mode file for STMicroelectronics.X-CUBE-AZRTOS-G4.2.0.0
2025-01-14 10:17:31,686 [WARN] PackLoader:240 - Cannot read IP mode file for STMicroelectronics.X-CUBE-IPS.3.1.0
2025-01-14 10:17:31,693 [WARN] PackLoader:240 - Cannot read IP mode file for STMicroelectronics.X-CUBE-ALS.1.0.2
2025-01-14 10:17:31,699 [WARN] PackLoader:240 - Cannot read IP mode file for STMicroelectronics.X-CUBE-TOUCHGFX.4.24.2
2025-01-14 10:17:31,701 [WARN] PackLoader:240 - Cannot read IP mode file for STMicroelectronics.X-CUBE-TOUCHGFX.4.24.1
2025-01-14 10:17:31,704 [WARN] PackLoader:240 - Cannot read IP mode file for wolfSSL.I-CUBE-wolfTPM.3.4.0
2025-01-14 10:17:31,707 [WARN] PackLoader:240 - Cannot read IP mode file for portGmbH.I-Cube-SoM-uGOAL.1.1.0
2025-01-14 10:17:31,715 [WARN] PackLoader:240 - Cannot read IP mode file for STMicroelectronics.X-CUBE-AZRTOS-H7RS.1.0.0
2025-01-14 10:17:31,721 [WARN] PackLoader:240 - Cannot read IP mode file for STMicroelectronics.X-CUBE-TOF1.3.4.2
2025-01-14 10:17:31,730 [WARN] PackLoader:240 - Cannot read IP mode file for wolfSSL.I-CUBE-wolfSSH.1.4.17
2025-01-14 10:17:31,730 [INFO] ThirdParty:978 - Integrity check success = true
2025-01-14 10:17:31,731 [INFO] IntegrityCheckThread:100 - exiting critical section [integrity check]
2025-01-14 10:17:31,731 [INFO] IntegrityCheckThread:103 - End integrity checks thread
2025-01-14 10:17:42,224 [ERROR] LogOutputStream:75 - [STDERR_REDIRECT] 
2025-01-14 10:17:42,232 [ERROR] LogOutputStream:75 - [STDERR_REDIRECT] 
